<?xml version="1.0" encoding="UTF-8"?>
<!-- Generated by org.testng.reporters.JUnitXMLReporter -->
<testsuite hostname="Lenovo" ignored="2" name="Test" tests="2" failures="0" timestamp="23 Jul 2021 14:12:05 GMT" time="0.172" errors="0">
  <testcase name="tst1" time="0.042" classname="org.teng.Grouping"/>
  <testcase name="tst3" time="0.005" classname="org.teng.Grouping"/>
  <testcase name="tst4" time="0.0" classname="org.teng.Grouping">
    <ignored/>
  </testcase> <!-- tst4 -->
  <testcase name="tst2" time="0.0" classname="org.teng.Grouping">
    <ignored/>
  </testcase> <!-- tst2 -->
</testsuite> <!-- Test -->
